[01:34:17] [Server thread/INFO]: [Not Secure] [Server] Server shutting down in 1 seconds
[01:34:18] [RCON Listener #1/INFO]: Thread RCON Client /127.0.0.1 started
[01:34:18] [Server thread/INFO]: [Rcon: Stopping the server]
[01:34:18] [RCON Client /127.0.0.1 #3/INFO]: Thread RCON Client /127.0.0.1 shutting down
[01:34:18] [Server thread/INFO]: Stopping server
[01:34:18] [Server thread/INFO]: [KoreanChat] Disabling KoreanChat v1.0
[01:34:18] [Server thread/INFO]: [KoreanChat] KoreanChat is Disabled! Bye Bye!
[01:34:18] [Server thread/INFO]: [Essentials] Disabling Essentials v2.20.1
[01:34:18] [Server thread/INFO]: [Essentials] Saving UUID cache to disk...
[01:34:18] [Server thread/INFO]: [Essentials] Saving Name->UUID cache to disk...
[01:34:18] [Server thread/INFO]: [Geyser-Spigot] Disabling Geyser-Spigot v2.2.0-SNAPSHOT
[01:34:18] [Server thread/INFO]: [Geyser-Spigot] Shutting down Geyser.
[01:34:18] [Server thread/INFO]: [Geyser-Spigot] Geyser shutdown successfully.
[01:34:18] [Server thread/INFO]: [spark] Disabling spark v1.10.55
[01:34:18] [Server thread/INFO]: [LuckPerms] Disabling LuckPerms v5.4.108
[01:34:18] [Server thread/INFO]: [LuckPerms] Starting shutdown process...
[01:34:18] [Server thread/INFO]: [LuckPerms] Closing storage...
[01:34:18] [Server thread/INFO]: [LuckPerms] Goodbye!
[01:34:18] [Server thread/INFO]: [floodgate] Disabling floodgate v2.2.2-SNAPSHOT (b85-71acc6c)
[01:34:18] [Server thread/INFO]: [ViaVersion] Disabling ViaVersion v4.8.1
[01:34:18] [Server thread/INFO]: [ViaVersion] ViaVersion is disabling, if this is a reload and you experience issues consider rebooting.
[01:34:18] [Server thread/INFO]: Saving players
[01:34:18] [Server thread/INFO]: Saving worlds
[01:34:18] [Server thread/INFO]: Saving chunks for level 'ServerLevel[world]'/minecraft:overworld
[01:34:18] [Server thread/INFO]: [ChunkHolderManager] Waiting 60s for chunk system to halt for world 'world'
[01:34:18] [Server thread/INFO]: [ChunkHolderManager] Halted chunk system for world 'world'
[01:34:18] [Server thread/INFO]: [ChunkHolderManager] Saving all chunkholders for world 'world'
[01:34:18] [WebSocketConnectReadThread-2497/INFO]: [Geyser-Spigot] The skin uploader has been closed
[01:34:18] [Server thread/INFO]: [ChunkHolderManager] Saved 21 block chunks, 28 entity chunks, 0 poi chunks in world 'world' in 0.11s
[01:34:18] [Server thread/INFO]: ThreadedAnvilChunkStorage (world): All chunks are saved
[01:34:18] [Server thread/INFO]: Saving chunks for level 'ServerLevel[world_nether]'/minecraft:the_nether
[01:34:18] [Server thread/INFO]: [ChunkHolderManager] Waiting 60s for chunk system to halt for world 'world_nether'
[01:34:18] [Server thread/INFO]: [ChunkHolderManager] Halted chunk system for world 'world_nether'
[01:34:18] [Server thread/INFO]: [ChunkHolderManager] Saving all chunkholders for world 'world_nether'
[01:34:18] [Server thread/INFO]: [ChunkHolderManager] Saved 0 block chunks, 9 entity chunks, 0 poi chunks in world 'world_nether' in 0.00s
[01:34:18] [Server thread/INFO]: ThreadedAnvilChunkStorage (DIM-1): All chunks are saved
[01:34:18] [Server thread/INFO]: Saving chunks for level 'ServerLevel[world_the_end]'/minecraft:the_end
[01:34:18] [Server thread/INFO]: [ChunkHolderManager] Waiting 60s for chunk system to halt for world 'world_the_end'
[01:34:18] [Server thread/INFO]: [ChunkHolderManager] Halted chunk system for world 'world_the_end'
[01:34:18] [Server thread/INFO]: [ChunkHolderManager] Saving all chunkholders for world 'world_the_end'
[01:34:18] [Server thread/INFO]: [ChunkHolderManager] Saved 10 block chunks, 10 entity chunks, 0 poi chunks in world 'world_the_end' in 0.01s
[01:34:18] [Server thread/INFO]: ThreadedAnvilChunkStorage (DIM1): All chunks are saved
[01:34:18] [Server thread/INFO]: ThreadedAnvilChunkStorage: All dimensions are saved
[01:34:18] [Server thread/INFO]: Flushing Chunk IO
[01:34:18] [Server thread/INFO]: Closing Thread Pool
[01:34:18] [Server thread/INFO]: Closing Server
